<?xml version="1.0" encoding="UTF-8"?>
<testsuites name="jest tests" tests="1" failures="0" errors="0" time="8.482">
  <testsuite name="smoke" errors="0" failures="0" skipped="0" timestamp="2023-08-06T22:14:57" time="8.222" tests="1">
    <testcase classname="smoke persistence-service status is 200" name="smoke persistence-service status is 200" time="0.178">
    </testcase>
  </testsuite>
</testsuites>